TN:
SF:todo.js
FN:2,(anonymous_0)
FN:7,(anonymous_1)
FN:12,(anonymous_2)
FN:16,(anonymous_3)
FN:20,(anonymous_4)
FN:24,(anonymous_5)
FNF:6
FNH:6
FNDA:51,(anonymous_0)
FNDA:9,(anonymous_1)
FNDA:9,(anonymous_2)
FNDA:1,(anonymous_3)
FNDA:23,(anonymous_4)
FNDA:3,(anonymous_5)
DA:3,51
DA:4,51
DA:8,9
DA:9,9
DA:13,9
DA:17,1
DA:21,23
DA:25,3
DA:29,1
DA:30,1
DA:32,1
LF:11
LH:11
BRDA:8,0,0,4
BRDA:8,0,1,5
BRF:2
BRH:2
end_of_record
TN:
SF:todolist.js
FN:4,(anonymous_0)
FN:9,(anonymous_1)
FN:17,(anonymous_2)
FN:21,(anonymous_3)
FN:25,(anonymous_4)
FN:29,(anonymous_5)
FN:34,(anonymous_6)
FN:38,(anonymous_7)
FN:42,(anonymous_8)
FN:43,(anonymous_9)
FN:46,(anonymous_10)
FN:50,(anonymous_11)
FN:54,(anonymous_12)
FN:59,(anonymous_13)
FN:61,(anonymous_14)
FN:65,(anonymous_15)
FN:66,(anonymous_16)
FN:69,(anonymous_17)
FN:71,(anonymous_18)
FN:80,(anonymous_19)
FN:81,(anonymous_20)
FN:84,(anonymous_21)
FN:85,(anonymous_22)
FN:88,(anonymous_23)
FN:89,(anonymous_24)
FN:92,(anonymous_25)
FN:99,(anonymous_26)
FN:100,(anonymous_27)
FN:103,(anonymous_28)
FN:104,(anonymous_29)
FN:107,(anonymous_30)
FN:111,(anonymous_31)
FNF:32
FNH:26
FNDA:20,(anonymous_0)
FNDA:57,(anonymous_1)
FNDA:2,(anonymous_2)
FNDA:2,(anonymous_3)
FNDA:1,(anonymous_4)
FNDA:10,(anonymous_5)
FNDA:4,(anonymous_6)
FNDA:2,(anonymous_7)
FNDA:4,(anonymous_8)
FNDA:9,(anonymous_9)
FNDA:1,(anonymous_10)
FNDA:1,(anonymous_11)
FNDA:2,(anonymous_12)
FNDA:3,(anonymous_13)
FNDA:9,(anonymous_14)
FNDA:4,(anonymous_15)
FNDA:12,(anonymous_16)
FNDA:2,(anonymous_17)
FNDA:6,(anonymous_18)
FNDA:1,(anonymous_19)
FNDA:3,(anonymous_20)
FNDA:0,(anonymous_21)
FNDA:0,(anonymous_22)
FNDA:0,(anonymous_23)
FNDA:0,(anonymous_24)
FNDA:1,(anonymous_25)
FNDA:1,(anonymous_26)
FNDA:3,(anonymous_27)
FNDA:0,(anonymous_28)
FNDA:0,(anonymous_29)
FNDA:3,(anonymous_30)
FNDA:12,(anonymous_31)
DA:1,1
DA:5,20
DA:6,20
DA:10,57
DA:11,2
DA:14,55
DA:18,2
DA:22,2
DA:26,1
DA:30,10
DA:31,5
DA:35,4
DA:39,2
DA:43,9
DA:47,1
DA:51,1
DA:55,2
DA:56,1
DA:60,3
DA:61,9
DA:62,3
DA:66,12
DA:70,2
DA:71,2
DA:72,6
DA:73,4
DA:77,2
DA:81,3
DA:85,0
DA:89,0
DA:93,1
DA:94,1
DA:95,1
DA:100,3
DA:104,0
DA:108,3
DA:112,12
DA:113,6
DA:118,1
LF:39
LH:36
BRDA:10,0,0,2
BRDA:10,0,1,55
BRDA:72,1,0,4
BRDA:72,1,1,2
BRDA:94,2,0,1
BRDA:94,2,1,0
BRDA:112,3,0,6
BRDA:112,3,1,6
BRF:8
BRH:7
end_of_record
